0 info it worked if it ends with ok
1 verbose cli [ 'C:\\Program Files (x86)\\nodejs\\\\node.exe',
1 verbose cli   'C:\\Program Files (x86)\\nodejs\\node_modules\\npm\\bin\\npm-cli.js',
1 verbose cli   'publish' ]
2 info using npm@2.7.4
3 info using node@v0.12.2
4 verbose node symlink C:\Program Files (x86)\nodejs\\node.exe
5 verbose publish [ '.' ]
6 silly cache add args [ '.', null ]
7 verbose cache add spec .
8 silly cache add parsed spec { raw: '.',
8 silly cache add   scope: null,
8 silly cache add   name: null,
8 silly cache add   rawSpec: '.',
8 silly cache add   spec: 'C:\\Users\\bateson.j\\Documents\\Development\\Static\\gruntDocumentation',
8 silly cache add   type: 'directory' }
9 verbose addLocalDirectory C:\Users\bateson.j\AppData\Roaming\npm-cache\FatKit\0.1.0\package.tgz not in flight; packing
10 verbose tar pack [ 'C:\\Users\\bateson.j\\AppData\\Roaming\\npm-cache\\FatKit\\0.1.0\\package.tgz',
10 verbose tar pack   'C:\\Users\\bateson.j\\Documents\\Development\\Static\\gruntDocumentation' ]
11 verbose tarball C:\Users\bateson.j\AppData\Roaming\npm-cache\FatKit\0.1.0\package.tgz
12 verbose folder C:\Users\bateson.j\Documents\Development\Static\gruntDocumentation
13 info prepublish FatKit@0.1.0
14 verbose addLocalTarball adding from inside cache C:\Users\bateson.j\AppData\Roaming\npm-cache\FatKit\0.1.0\package.tgz
15 silly cache afterAdd FatKit@0.1.0
16 verbose afterAdd C:\Users\bateson.j\AppData\Roaming\npm-cache\FatKit\0.1.0\package\package.json not in flight; writing
17 verbose afterAdd C:\Users\bateson.j\AppData\Roaming\npm-cache\FatKit\0.1.0\package\package.json written
18 silly publish { name: 'FatKit',
18 silly publish   description: 'Fat Media Boilerplate',
18 silly publish   author: { name: 'Alex Hall' },
18 silly publish   homepage: 'http://fatkit.fmdev02.fatoffice.co.uk',
18 silly publish   repository: { type: 'git', url: 'https://github.com/FatMedia/FatKit' },
18 silly publish   bugs: { url: 'https://github.com/FatMedia/FatKit/issues' },
18 silly publish   version: '0.1.0',
18 silly publish   devDependencies:
18 silly publish    { bower: '^1.3.12',
18 silly publish      chai: '^1.10.0',
18 silly publish      grunt: '~0.4.1',
18 silly publish      'grunt-autoprefixer': '^2.2.0',
18 silly publish      'grunt-browser-sync': '^2.0.0',
18 silly publish      'grunt-contrib-clean': '^0.6.0',
18 silly publish      'grunt-contrib-compass': '^1.0.3',
18 silly publish      'grunt-contrib-concat': '^0.5.0',
18 silly publish      'grunt-contrib-copy': '^0.8.0',
18 silly publish      'grunt-contrib-jshint': '^0.11.0',
18 silly publish      'grunt-contrib-kraken': '^0.1.3',
18 silly publish      'grunt-contrib-sass': '^0.8.1',
18 silly publish      'grunt-contrib-uglify': '^0.7.0',
18 silly publish      'grunt-contrib-watch': '^0.6.1',
18 silly publish      'grunt-csscomb': '^3.0.1',
18 silly publish      'grunt-mocha': '^0.4.11',
18 silly publish      'grunt-newer': '^1.1.0',
18 silly publish      'grunt-notify': '^0.4.1',
18 silly publish      'grunt-scss-lint': '^0.3.6',
18 silly publish      'grunt-uncss': '^0.4.2',
18 silly publish      matchdep: '*',
18 silly publish      mocha: '^2.1.0',
18 silly publish      'time-grunt': '^1.2.1' },
18 silly publish   dependencies:
18 silly publish    { kraken: '^0.2.1',
18 silly publish      matchdep: '^0.3.0',
18 silly publish      'normalize.css': '^3.0.2' },
18 silly publish   readme: 'ERROR: No README data found!',
18 silly publish   _id: 'FatKit@0.1.0',
18 silly publish   scripts: {},
18 silly publish   _shasum: '0b54cec70a70f6249ded557d3f01a8c2e7c42696',
18 silly publish   _from: '.' }
19 silly mapToRegistry name FatKit
20 silly mapToRegistry using default registry
21 silly mapToRegistry registry https://registry.npmjs.org/
22 silly mapToRegistry uri https://registry.npmjs.org/FatKit
23 verbose publish registryBase https://registry.npmjs.org/
24 silly publish uploading C:\Users\bateson.j\AppData\Roaming\npm-cache\FatKit\0.1.0\package.tgz
25 verbose stack Error: Invalid name: "FatKit"
25 verbose stack     at ensureValidName (C:\Program Files (x86)\nodejs\node_modules\npm\node_modules\normalize-package-data\lib\fixer.js:322:15)
25 verbose stack     at Object.module.exports.fixNameField (C:\Program Files (x86)\nodejs\node_modules\npm\node_modules\normalize-package-data\lib\fixer.js:211:5)
25 verbose stack     at CachingRegistryClient.publish (C:\Program Files (x86)\nodejs\node_modules\npm\node_modules\npm-registry-client\lib\publish.js:41:11)
25 verbose stack     at C:\Program Files (x86)\nodejs\node_modules\npm\lib\publish.js:144:14
25 verbose stack     at mapToRegistry (C:\Program Files (x86)\nodejs\node_modules\npm\lib\utils\map-to-registry.js:55:3)
25 verbose stack     at publish_ (C:\Program Files (x86)\nodejs\node_modules\npm\lib\publish.js:114:3)
25 verbose stack     at Array.<anonymous> (C:\Program Files (x86)\nodejs\node_modules\npm\node_modules\slide\lib\bind-actor.js:15:8)
25 verbose stack     at LOOP (C:\Program Files (x86)\nodejs\node_modules\npm\node_modules\slide\lib\chain.js:15:14)
25 verbose stack     at LOOP (C:\Program Files (x86)\nodejs\node_modules\npm\node_modules\slide\lib\chain.js:14:28)
25 verbose stack     at chain (C:\Program Files (x86)\nodejs\node_modules\npm\node_modules\slide\lib\chain.js:20:5)
26 verbose cwd C:\Users\bateson.j\Documents\Development\Static\gruntDocumentation
27 error Windows_NT 6.1.7601
28 error argv "C:\\Program Files (x86)\\nodejs\\\\node.exe" "C:\\Program Files (x86)\\nodejs\\node_modules\\npm\\bin\\npm-cli.js" "publish"
29 error node v0.12.2
30 error npm  v2.7.4
31 error Invalid name: "FatKit"
32 error If you need help, you may report this error at:
32 error     <https://github.com/npm/npm/issues>
33 verbose exit [ 1, true ]
